<?xml version="1.0" encoding="UTF-8"?>
<testng-results ignored="0" total="1" passed="1" failed="0" skipped="0">
  <reporter-output>
  </reporter-output>
  <suite started-at="2020-02-10T18:46:15Z" name="Default suite" finished-at="2020-02-10T18:46:30Z" duration-ms="14832">
    <groups>
    </groups>
    <test started-at="2020-02-10T18:46:15Z" name="Default test" finished-at="2020-02-10T18:46:30Z" duration-ms="14832">
      <class name="homepage.homepage">
        <test-method is-config="true" signature="setUp()[pri:0, instance:homepage.homepage@b7f23d9]" started-at="2020-02-10T13:46:15Z" name="setUp" finished-at="2020-02-10T13:46:20Z" duration-ms="4742" status="PASS">
          <reporter-output>
          </reporter-output>
        </test-method> <!-- setUp -->
        <test-method signature="f()[pri:0, instance:homepage.homepage@b7f23d9]" started-at="2020-02-10T13:46:20Z" name="f" finished-at="2020-02-10T13:46:30Z" duration-ms="10074" status="PASS">
          <reporter-output>
          </reporter-output>
        </test-method> <!-- f -->
      </class> <!-- homepage.homepage -->
    </test> <!-- Default test -->
  </suite> <!-- Default suite -->
</testng-results>
